#
# There is insufficient memory for the Java Runtime Environment to continue.
# Native memory allocation (mmap) failed to map 65536 bytes. Error detail: Failed to commit metaspace.
# Possible reasons:
#   The system is out of physical RAM or swap space
#   This process is running with CompressedOops enabled, and the Java Heap may be blocking the growth of the native heap
# Possible solutions:
#   Reduce memory load on the system
#   Increase physical memory or swap space
#   Check if swap backing store is full
#   Decrease Java heap size (-Xmx/-Xms)
#   Decrease number of Java threads
#   Decrease Java thread stack sizes (-Xss)
#   Set larger code cache with -XX:ReservedCodeCacheSize=
#   JVM is running with Unscaled Compressed Oops mode in which the Java heap is
#     placed in the first 4GB address space. The Java Heap base address is the
#     maximum limit for the native heap growth. Please use -XX:HeapBaseMinAddress
#     to set the Java Heap base and to place the Java Heap above 4GB virtual address.
# This output file may be truncated or incomplete.
#
#  Out of Memory Error (virtualSpaceNode.cpp:113), pid=12376, tid=9368
#
# JRE version: OpenJDK Runtime Environment JBR-21.0.5+13-509.30-jcef (21.0.5+13) (build 21.0.5+13-b509.30)
# Java VM: OpenJDK 64-Bit Server VM JBR-21.0.5+13-509.30-jcef (21.0.5+13-b509.30, mixed mode, tiered, compressed oops, compressed class ptrs, g1 gc, windows-amd64)
# No core dump will be written. Minidumps are not enabled by default on client versions of Windows
#

---------------  S U M M A R Y ------------

Command Line: -Djava.rmi.server.hostname=127.0.0.1 -Duser.timezone=UTC -Xmx2048m -Xms128m -Djdbc.classpath=C:\Users\User\AppData\Local\Temp\RemoteDriver9.classpath.txt --add-exports=java.desktop/sun.awt=ALL-UNNAMED --add-exports=java.desktop/java.awt.peer=ALL-UNNAMED --add-opens=java.desktop/java.awt=ALL-UNNAMED --add-opens=jdk.unsupported/sun.misc=ALL-UNNAMED --add-opens=java.base/java.nio=ALL-UNNAMED --add-opens=java.base/java.util=ALL-UNNAMED -Dfile.encoding=UTF-8 -Dsun.stdout.encoding=UTF-8 -Dsun.stderr.encoding=UTF-8 com.intellij.database.remote.RemoteJdbcServer org.postgresql.Driver

Host: 12th Gen Intel(R) Core(TM) i5-1235U, 12 cores, 7G,  Windows 11 , 64 bit Build 26100 (10.0.26100.7623)
Time: Tue Jan 20 17:33:55 2026 Afrique de l, 64 bit Build 26100 (10.0.26100.7623) elapsed time: 5164.280417 seconds (0d 1h 26m 4s)

---------------  T H R E A D  ---------------

Current thread (0x000001df3c478e50):  JavaThread "RMI TCP Accept-0" daemon [_thread_in_vm, id=9368, stack(0x000000cba9200000,0x000000cba9300000) (1024K)]

Stack: [0x000000cba9200000,0x000000cba9300000]
Native frames: (J=compiled Java code, j=interpreted, Vv=VM code, C=native code)
V  [jvm.dll+0x6e4ef9]
V  [jvm.dll+0x8c3263]
V  [jvm.dll+0x8c57be]
V  [jvm.dll+0x8c5ea3]
V  [jvm.dll+0x288c26]
V  [jvm.dll+0x8be0ae]
V  [jvm.dll+0x686445]
V  [jvm.dll+0x6864aa]
V  [jvm.dll+0x688cc6]
V  [jvm.dll+0x688b92]
V  [jvm.dll+0x686dfe]
V  [jvm.dll+0x27237f]
V  [jvm.dll+0x691085]
V  [jvm.dll+0x21d20c]
V  [jvm.dll+0x21d755]
V  [jvm.dll+0x21e136]
V  [jvm.dll+0x213189]
V  [jvm.dll+0x5c3f73]
V  [jvm.dll+0x224aab]
V  [jvm.dll+0x83a06c]
V  [jvm.dll+0x83b112]
V  [jvm.dll+0x83b6d4]
V  [jvm.dll+0x83b368]
V  [jvm.dll+0x275d5b]
V  [jvm.dll+0x3e345e]
C  0x000001df2a13a82b

The last pc belongs to new (printed below).
Java frames: (J=compiled Java code, j=interpreted, Vv=VM code)
j  java.util.Formatter.parse(Ljava/lang/String;)Ljava/util/List;+167 java.base@21.0.5
j  java.util.Formatter.format(Ljava/util/Locale;Ljava/lang/String;[Ljava/lang/Object;)Ljava/util/Formatter;+11 java.base@21.0.5
j  java.util.Formatter.format(Ljava/lang/String;[Ljava/lang/Object;)Ljava/util/Formatter;+7 java.base@21.0.5
j  java.lang.String.format(Ljava/lang/String;[Ljava/lang/Object;)Ljava/lang/String;+9 java.base@21.0.5
j  java.util.logging.SimpleFormatter.format(Ljava/util/logging/LogRecord;)Ljava/lang/String;+157 java.logging@21.0.5
j  java.util.logging.StreamHandler.publish0(Ljava/util/logging/LogRecord;)V+14 java.logging@21.0.5
j  java.util.logging.StreamHandler.publish(Ljava/util/logging/LogRecord;)V+9 java.logging@21.0.5
j  java.util.logging.ConsoleHandler.publish(Ljava/util/logging/LogRecord;)V+2 java.logging@21.0.5
j  java.util.logging.Logger.log(Ljava/util/logging/LogRecord;)V+90 java.logging@21.0.5
j  java.util.logging.Logger.doLog(Ljava/util/logging/LogRecord;)V+46 java.logging@21.0.5
j  java.util.logging.Logger.logp(Ljava/util/logging/Level;Ljava/lang/String;Ljava/lang/String;Ljava/lang/String;Ljava/lang/Throwable;)V+43 java.logging@21.0.5
j  sun.rmi.runtime.Log$LoggerLog.log(Ljava/util/logging/Level;Ljava/lang/String;Ljava/lang/Throwable;)V+45 java.rmi@21.0.5
j  sun.rmi.transport.tcp.TCPTransport$AcceptLoop.executeAcceptLoop()V+166 java.rmi@21.0.5
j  sun.rmi.transport.tcp.TCPTransport$AcceptLoop.run()V+1 java.rmi@21.0.5
j  java.lang.Thread.runWith(Ljava/lang/Object;Ljava/lang/Runnable;)V+5 java.base@21.0.5
j  java.lang.Thread.run()V+19 java.base@21.0.5
v  ~StubRoutines::call_stub 0x000001df2a12100d
new  187 new  [0x000001df2a13a6a0, 0x000001df2a13a8a0]  512 bytes
[MachCode]
  0x000001df2a13a6a0: 4883 ec08 | c5fa 1104 | 24eb 1f48 | 83ec 10c5 | fb11 0424 | eb14 4883 | ec10 4889 | 0424 48c7 
  0x000001df2a13a6c0: 4424 0800 | 0000 00eb | 0150 410f | b755 010f | cac1 ea10 | 488b 4de8 | 488b 4908 | 488b 4908 
  0x000001df2a13a6e0: 488b 4108 | 807c 1004 | 070f 85ca | 0000 0066 | 8b54 d148 | 488b 4928 | 488b 4cd1 | 0851 80b9 
  0x000001df2a13a700: 4101 0000 | 040f 85ad | 0000 008b | 5108 f6c2 | 010f 85a1 | 0000 0049 | 8b87 b801 | 0000 488d 
  0x000001df2a13a720: 1c10 493b | 9fc8 0100 | 000f 8789 | 0000 0049 | 899f b801 | 0000 4883 | ea10 0f84 | 0f00 0000 
  0x000001df2a13a740: 33c9 c1ea | 0348 894c | d008 48ff | ca75 f648 | c700 0100 | 0000 5933 | f689 700c | 48c1 e903 
  0x000001df2a13a760: 8948 0849 | baf7 5d60 | 67f9 7f00 | 0041 803a | 000f 843c | 0000 0050 | 488b c848 | 83ec 2040 
  0x000001df2a13a780: f6c4 0f0f | 8419 0000 | 0048 83ec | 0848 b8d0 | c309 67f9 | 7f00 00ff | d048 83c4 | 08e9 0c00 
  0x000001df2a13a7a0: 0000 48b8 | d0c3 0967 | f97f 0000 | ffd0 4883 | c420 58e9 | cb00 0000 | 5948 8b55 | e848 8b52 
  0x000001df2a13a7c0: 0848 8b52 | 0845 0fb7 | 4501 410f | c841 c1e8 | 10e8 0500 | 0000 e9a8 | 0000 0048 | 8d44 2408 
  0x000001df2a13a7e0: 4c89 6dc0 | 498b cfc5 | f877 4989 | afa8 0300 | 0049 8987 | 9803 0000 | 4883 ec20 | 40f6 c40f 
  0x000001df2a13a800: 0f84 1900 | 0000 4883 | ec08 48b8 | 1034 d366 | f97f 0000 | ffd0 4883 | c408 e90c | 0000 0048 
  0x000001df2a13a820: b810 34d3 | 66f9 7f00 | 00ff d048 | 83c4 2049 | c787 9803 | 0000 0000 | 0000 49c7 | 87a8 0300 
  0x000001df2a13a840: 0000 0000 | 0049 c787 | a003 0000 | 0000 0000 | c5f8 7749 | 837f 0800 | 0f84 0500 | 0000 e99d 
  0x000001df2a13a860: 66fe ff49 | 8b87 f003 | 0000 49c7 | 87f0 0300 | 0000 0000 | 004c 8b6d | c04c 8b75 | c84e 8d74 
  0x000001df2a13a880: f500 c341 | 0fb6 5d03 | 4983 c503 | 49ba 4028 | 6367 f97f | 0000 41ff | 24da 660f | 1f44 0000 
[/MachCode]

---------------  P R O C E S S  ---------------

Threads class SMR info:
_java_thread_list=0x000001df3c9f9020, length=20, elements={
0x000001df1c951a80, 0x000001df37829e70, 0x000001df3782e8e0, 0x000001df37814350,
0x000001df37812f80, 0x000001df378139d0, 0x000001df37816940, 0x000001df37831ae0,
0x000001df37832570, 0x000001df37a0cb50, 0x000001df37a12830, 0x000001df3c42d860,
0x000001df3c478e50, 0x000001df3c4794b0, 0x000001df3c479b10, 0x000001df3c2bccc0,
0x000001df3c7d5780, 0x000001df3c602460, 0x000001df3c600390, 0x000001df3c602af0
}

Java Threads: ( => current thread )
  0x000001df1c951a80 JavaThread "main"                              [_thread_blocked, id=10012, stack(0x000000cba7e00000,0x000000cba7f00000) (1024K)]
  0x000001df37829e70 JavaThread "Reference Handler"          daemon [_thread_blocked, id=18868, stack(0x000000cba8600000,0x000000cba8700000) (1024K)]
  0x000001df3782e8e0 JavaThread "Finalizer"                  daemon [_thread_blocked, id=22208, stack(0x000000cba8700000,0x000000cba8800000) (1024K)]
  0x000001df37814350 JavaThread "Signal Dispatcher"          daemon [_thread_blocked, id=15352, stack(0x000000cba8800000,0x000000cba8900000) (1024K)]
  0x000001df37812f80 JavaThread "Attach Listener"            daemon [_thread_blocked, id=18096, stack(0x000000cba8900000,0x000000cba8a00000) (1024K)]
  0x000001df378139d0 JavaThread "Service Thread"             daemon [_thread_blocked, id=19704, stack(0x000000cba8a00000,0x000000cba8b00000) (1024K)]
  0x000001df37816940 JavaThread "Monitor Deflation Thread"   daemon [_thread_blocked, id=12308, stack(0x000000cba8b00000,0x000000cba8c00000) (1024K)]
  0x000001df37831ae0 JavaThread "C2 CompilerThread0"         daemon [_thread_blocked, id=20924, stack(0x000000cba8c00000,0x000000cba8d00000) (1024K)]
  0x000001df37832570 JavaThread "C1 CompilerThread0"         daemon [_thread_blocked, id=14532, stack(0x000000cba8d00000,0x000000cba8e00000) (1024K)]
  0x000001df37a0cb50 JavaThread "Common-Cleaner"             daemon [_thread_blocked, id=5656, stack(0x000000cba8e00000,0x000000cba8f00000) (1024K)]
  0x000001df37a12830 JavaThread "Notification Thread"        daemon [_thread_blocked, id=15900, stack(0x000000cba8f00000,0x000000cba9000000) (1024K)]
  0x000001df3c42d860 JavaThread "RMI TCP Accept-50762"       daemon [_thread_in_native, id=22456, stack(0x000000cba9100000,0x000000cba9200000) (1024K)]
=>0x000001df3c478e50 JavaThread "RMI TCP Accept-0"           daemon [_thread_in_vm, id=9368, stack(0x000000cba9200000,0x000000cba9300000) (1024K)]
  0x000001df3c4794b0 JavaThread "RMI Reaper"                        [_thread_blocked, id=21728, stack(0x000000cba9300000,0x000000cba9400000) (1024K)]
  0x000001df3c479b10 JavaThread "RMI GC Daemon"              daemon [_thread_blocked, id=15828, stack(0x000000cba9400000,0x000000cba9500000) (1024K)]
  0x000001df3c2bccc0 JavaThread "RMI TCP Connection(1)-127.0.0.1" daemon [_thread_in_native, id=2488, stack(0x000000cba9500000,0x000000cba9600000) (1024K)]
  0x000001df3c7d5780 JavaThread "RMI Scheduler(0)"           daemon [_thread_blocked, id=21828, stack(0x000000cba9700000,0x000000cba9800000) (1024K)]
  0x000001df3c602460 JavaThread "RMI RenewClean-[127.0.0.1:58362]" daemon [_thread_blocked, id=5260, stack(0x000000cba9a00000,0x000000cba9b00000) (1024K)]
  0x000001df3c600390 JavaThread "PostgreSQL-JDBC-Cleaner"    daemon [_thread_blocked, id=17508, stack(0x000000cbaa700000,0x000000cbaa800000) (1024K)]
  0x000001df3c602af0 JavaThread "RMI TCP Connection(5)-127.0.0.1" daemon [_thread_in_native, id=20196, stack(0x000000cba7b00000,0x000000cba7c00000) (1024K)]
Total: 20

Other Threads:
  0x000001df372be8a0 VMThread "VM Thread"                           [id=21892, stack(0x000000cba8500000,0x000000cba8600000) (1024K)]
  0x000001df372ab190 WatcherThread "VM Periodic Task Thread"        [id=4320, stack(0x000000cba8400000,0x000000cba8500000) (1024K)]
  0x000001df1ed5c350 WorkerThread "GC Thread#0"                     [id=18564, stack(0x000000cba7f00000,0x000000cba8000000) (1024K)]
  0x000001df3c77cfb0 WorkerThread "GC Thread#1"                     [id=9940, stack(0x000000cba9b00000,0x000000cba9c00000) (1024K)]
  0x000001df3c77c870 WorkerThread "GC Thread#2"                     [id=13592, stack(0x000000cba9c00000,0x000000cba9d00000) (1024K)]
  0x000001df3c77c4d0 WorkerThread "GC Thread#3"                     [id=1816, stack(0x000000cba9d00000,0x000000cba9e00000) (1024K)]
  0x000001df3c77cc10 WorkerThread "GC Thread#4"                     [id=16572, stack(0x000000cba9e00000,0x000000cba9f00000) (1024K)]
  0x000001df3c77d6f0 WorkerThread "GC Thread#5"                     [id=12600, stack(0x000000cba9f00000,0x000000cbaa000000) (1024K)]
  0x000001df3c77da90 WorkerThread "GC Thread#6"                     [id=14732, stack(0x000000cbaa000000,0x000000cbaa100000) (1024K)]
  0x000001df3c77d350 WorkerThread "GC Thread#7"                     [id=20908, stack(0x000000cbaa100000,0x000000cbaa200000) (1024K)]
  0x000001df3c77de30 WorkerThread "GC Thread#8"                     [id=13112, stack(0x000000cbaa200000,0x000000cbaa300000) (1024K)]
  0x000001df3c7fc870 WorkerThread "GC Thread#9"                     [id=22012, stack(0x000000cbaa300000,0x000000cbaa400000) (1024K)]
  0x000001df1ed6e250 ConcurrentGCThread "G1 Main Marker"            [id=13336, stack(0x000000cba8000000,0x000000cba8100000) (1024K)]
  0x000001df1ed6ec60 WorkerThread "G1 Conc#0"                       [id=21188, stack(0x000000cba8100000,0x000000cba8200000) (1024K)]
  0x000001df3c7fb9f0 WorkerThread "G1 Conc#1"                       [id=1108, stack(0x000000cbaa500000,0x000000cbaa600000) (1024K)]
  0x000001df3c7fbd90 WorkerThread "G1 Conc#2"                       [id=5676, stack(0x000000cbaa600000,0x000000cbaa700000) (1024K)]
  0x000001df371806c0 ConcurrentGCThread "G1 Refine#0"               [id=18760, stack(0x000000cba8200000,0x000000cba8300000) (1024K)]
  0x000001df371822f0 ConcurrentGCThread "G1 Service"                [id=13908, stack(0x000000cba8300000,0x000000cba8400000) (1024K)]
Total: 18

Threads with active compile tasks:
Total: 0

VM state: not at safepoint (normal execution)

VM Mutex/Monitor currently owned by a thread:  ([mutex/lock_event])
[0x00007ff96761c7c0] Metaspace_lock - owner thread: 0x000001df3c478e50

OutOfMemory and StackOverflow Exception counts:
OutOfMemoryError java_heap_errors=1
LinkageErrors=79

Heap address: 0x0000000080000000, size: 2048 MB, Compressed Oops mode: 32-bit

CDS archive(s) not mapped
Compressed class space mapped at: 0x0000000100000000-0x0000000140000000, reserved size: 1073741824
Narrow klass base: 0x0000000000000000, Narrow klass shift: 3, Narrow klass range: 0x140000000

GC Precious Log:
 CardTable entry size: 512
 Card Set container configuration: InlinePtr #cards 5 size 8 Array Of Cards #cards 12 size 40 Howl #buckets 4 coarsen threshold 1843 Howl Bitmap #cards 512 size 80 coarsen threshold 460 Card regions per heap region 1 cards per card region 2048
 CPUs: 12 total, 12 available
 Memory: 7916M
 Large Page Support: Disabled
 NUMA Support: Disabled
 Compressed Oops: Enabled (32-bit)
 Heap Region Size: 1M
 Heap Min Capacity: 128M
 Heap Initial Capacity: 128M
 Heap Max Capacity: 2G
 Pre-touch: Disabled
 Parallel Workers: 10
 Concurrent Workers: 3
 Concurrent Refinement Workers: 10
 Periodic GC: Disabled

Heap:
 garbage-first heap   total 131072K, used 14456K [0x0000000080000000, 0x0000000100000000)
  region size 1024K, 4 young (4096K), 0 survivors (0K)
 Metaspace       used 23992K, committed 24448K, reserved 1114112K
  class space    used 2405K, committed 2624K, reserved 1048576K

Heap Regions: E=young(eden), S=young(survivor), O=old, HS=humongous(starts), HC=humongous(continues), CS=collection set, F=free, TAMS=top-at-mark-start, PB=parsable bottom
|   0|0x0000000080000000, 0x0000000080100000, 0x0000000080100000|100%|HS|  |TAMS 0x0000000080000000| PB 0x0000000080000000| Untracked 
|   1|0x0000000080100000, 0x0000000080200000, 0x0000000080200000|100%|HC|  |TAMS 0x0000000080100000| PB 0x0000000080100000| Untracked 
|   2|0x0000000080200000, 0x0000000080300000, 0x0000000080300000|100%|HS|  |TAMS 0x0000000080200000| PB 0x0000000080200000| Untracked 
|   3|0x0000000080300000, 0x0000000080400000, 0x0000000080400000|100%|HS|  |TAMS 0x0000000080300000| PB 0x0000000080300000| Untracked 
|   4|0x0000000080400000, 0x0000000080500000, 0x0000000080500000|100%| O|  |TAMS 0x0000000080400000| PB 0x0000000080400000| Untracked 
|   5|0x0000000080500000, 0x00000000805ffff8, 0x0000000080600000| 99%| O|  |TAMS 0x0000000080500000| PB 0x0000000080500000| Untracked 
|   6|0x0000000080600000, 0x0000000080700000, 0x0000000080700000|100%| O|  |TAMS 0x0000000080600000| PB 0x0000000080600000| Untracked 
|   7|0x0000000080700000, 0x0000000080800000, 0x0000000080800000|100%| O|  |TAMS 0x0000000080700000| PB 0x0000000080700000| Untracked 
|   8|0x0000000080800000, 0x00000000808fffc8, 0x0000000080900000| 99%| O|  |TAMS 0x0000000080800000| PB 0x0000000080800000| Untracked 
|   9|0x0000000080900000, 0x0000000080937818, 0x0000000080a00000| 21%| O|  |TAMS 0x0000000080900000| PB 0x0000000080900000| Untracked 
|  10|0x0000000080a00000, 0x0000000080ab2b70, 0x0000000080b00000| 69%| O|  |TAMS 0x0000000080a00000| PB 0x0000000080a00000| Untracked 
|  11|0x0000000080b00000, 0x0000000080b34078, 0x0000000080c00000| 20%| O|  |TAMS 0x0000000080b00000| PB 0x0000000080b00000| Untracked 
|  12|0x0000000080c00000, 0x0000000080c00000, 0x0000000080d00000|  0%| F|  |TAMS 0x0000000080c00000| PB 0x0000000080c00000| Untracked 
|  13|0x0000000080d00000, 0x0000000080d00000, 0x0000000080e00000|  0%| F|  |TAMS 0x0000000080d00000| PB 0x0000000080d00000| Untracked 
|  14|0x0000000080e00000, 0x0000000080e00000, 0x0000000080f00000|  0%| F|  |TAMS 0x0000000080e00000| PB 0x0000000080e00000| Untracked 
|  15|0x0000000080f00000, 0x0000000080f00000, 0x0000000081000000|  0%| F|  |TAMS 0x0000000080f00000| PB 0x0000000080f00000| Untracked 
|  16|0x0000000081000000, 0x0000000081000000, 0x0000000081100000|  0%| F|  |TAMS 0x0000000081000000| PB 0x0000000081000000| Untracked 
|  17|0x0000000081100000, 0x0000000081100000, 0x0000000081200000|  0%| F|  |TAMS 0x0000000081100000| PB 0x0000000081100000| Untracked 
|  18|0x0000000081200000, 0x0000000081200000, 0x0000000081300000|  0%| F|  |TAMS 0x0000000081200000| PB 0x0000000081200000| Untracked 
|  19|0x0000000081300000, 0x0000000081300000, 0x0000000081400000|  0%| F|  |TAMS 0x0000000081300000| PB 0x0000000081300000| Untracked 
|  20|0x0000000081400000, 0x0000000081400000, 0x0000000081500000|  0%| F|  |TAMS 0x0000000081400000| PB 0x0000000081400000| Untracked 
|  21|0x0000000081500000, 0x0000000081500000, 0x0000000081600000|  0%| F|  |TAMS 0x0000000081500000| PB 0x0000000081500000| Untracked 
|  22|0x0000000081600000, 0x0000000081600000, 0x0000000081700000|  0%| F|  |TAMS 0x0000000081600000| PB 0x0000000081600000| Untracked 
|  23|0x0000000081700000, 0x0000000081700000, 0x0000000081800000|  0%| F|  |TAMS 0x0000000081700000| PB 0x0000000081700000| Untracked 
|  24|0x0000000081800000, 0x0000000081800000, 0x0000000081900000|  0%| F|  |TAMS 0x0000000081800000| PB 0x0000000081800000| Untracked 
|  25|0x0000000081900000, 0x0000000081900000, 0x0000000081a00000|  0%| F|  |TAMS 0x0000000081900000| PB 0x0000000081900000| Untracked 
|  26|0x0000000081a00000, 0x0000000081a00000, 0x0000000081b00000|  0%| F|  |TAMS 0x0000000081a00000| PB 0x0000000081a00000| Untracked 
|  27|0x0000000081b00000, 0x0000000081b00000, 0x0000000081c00000|  0%| F|  |TAMS 0x0000000081b00000| PB 0x0000000081b00000| Untracked 
|  28|0x0000000081c00000, 0x0000000081c00000, 0x0000000081d00000|  0%| F|  |TAMS 0x0000000081c00000| PB 0x0000000081c00000| Untracked 
|  29|0x0000000081d00000, 0x0000000081d00000, 0x0000000081e00000|  0%| F|  |TAMS 0x0000000081d00000| PB 0x0000000081d00000| Untracked 
|  30|0x0000000081e00000, 0x0000000081e00000, 0x0000000081f00000|  0%| F|  |TAMS 0x0000000081e00000| PB 0x0000000081e00000| Untracked 
|  31|0x0000000081f00000, 0x0000000081f00000, 0x0000000082000000|  0%| F|  |TAMS 0x0000000081f00000| PB 0x0000000081f00000| Untracked 
|  32|0x0000000082000000, 0x0000000082000000, 0x0000000082100000|  0%| F|  |TAMS 0x0000000082000000| PB 0x0000000082000000| Untracked 
|  33|0x0000000082100000, 0x0000000082100000, 0x0000000082200000|  0%| F|  |TAMS 0x0000000082100000| PB 0x0000000082100000| Untracked 
|  34|0x0000000082200000, 0x0000000082200000, 0x0000000082300000|  0%| F|  |TAMS 0x0000000082200000| PB 0x0000000082200000| Untracked 
|  35|0x0000000082300000, 0x0000000082300000, 0x0000000082400000|  0%| F|  |TAMS 0x0000000082300000| PB 0x0000000082300000| Untracked 
|  36|0x0000000082400000, 0x0000000082400000, 0x0000000082500000|  0%| F|  |TAMS 0x0000000082400000| PB 0x0000000082400000| Untracked 
|  37|0x0000000082500000, 0x0000000082500000, 0x0000000082600000|  0%| F|  |TAMS 0x0000000082500000| PB 0x0000000082500000| Untracked 
|  38|0x0000000082600000, 0x0000000082600000, 0x0000000082700000|  0%| F|  |TAMS 0x0000000082600000| PB 0x0000000082600000| Untracked 
|  39|0x0000000082700000, 0x0000000082700000, 0x0000000082800000|  0%| F|  |TAMS 0x0000000082700000| PB 0x0000000082700000| Untracked 
|  40|0x0000000082800000, 0x0000000082800000, 0x0000000082900000|  0%| F|  |TAMS 0x0000000082800000| PB 0x0000000082800000| Untracked 
|  41|0x0000000082900000, 0x0000000082900000, 0x0000000082a00000|  0%| F|  |TAMS 0x0000000082900000| PB 0x0000000082900000| Untracked 
|  42|0x0000000082a00000, 0x0000000082a00000, 0x0000000082b00000|  0%| F|  |TAMS 0x0000000082a00000| PB 0x0000000082a00000| Untracked 
|  43|0x0000000082b00000, 0x0000000082b00000, 0x0000000082c00000|  0%| F|  |TAMS 0x0000000082b00000| PB 0x0000000082b00000| Untracked 
|  44|0x0000000082c00000, 0x0000000082c00000, 0x0000000082d00000|  0%| F|  |TAMS 0x0000000082c00000| PB 0x0000000082c00000| Untracked 
|  45|0x0000000082d00000, 0x0000000082d00000, 0x0000000082e00000|  0%| F|  |TAMS 0x0000000082d00000| PB 0x0000000082d00000| Untracked 
|  46|0x0000000082e00000, 0x0000000082e00000, 0x0000000082f00000|  0%| F|  |TAMS 0x0000000082e00000| PB 0x0000000082e00000| Untracked 
|  47|0x0000000082f00000, 0x0000000082f00000, 0x0000000083000000|  0%| F|  |TAMS 0x0000000082f00000| PB 0x0000000082f00000| Untracked 
|  48|0x0000000083000000, 0x0000000083000000, 0x0000000083100000|  0%| F|  |TAMS 0x0000000083000000| PB 0x0000000083000000| Untracked 
|  49|0x0000000083100000, 0x0000000083100000, 0x0000000083200000|  0%| F|  |TAMS 0x0000000083100000| PB 0x0000000083100000| Untracked 
|  50|0x0000000083200000, 0x0000000083200000, 0x0000000083300000|  0%| F|  |TAMS 0x0000000083200000| PB 0x0000000083200000| Untracked 
|  51|0x0000000083300000, 0x0000000083300000, 0x0000000083400000|  0%| F|  |TAMS 0x0000000083300000| PB 0x0000000083300000| Untracked 
|  52|0x0000000083400000, 0x0000000083400000, 0x0000000083500000|  0%| F|  |TAMS 0x0000000083400000| PB 0x0000000083400000| Untracked 
|  53|0x0000000083500000, 0x0000000083500000, 0x0000000083600000|  0%| F|  |TAMS 0x0000000083500000| PB 0x0000000083500000| Untracked 
|  54|0x0000000083600000, 0x0000000083600000, 0x0000000083700000|  0%| F|  |TAMS 0x0000000083600000| PB 0x0000000083600000| Untracked 
|  55|0x0000000083700000, 0x0000000083700000, 0x0000000083800000|  0%| F|  |TAMS 0x0000000083700000| PB 0x0000000083700000| Untracked 
|  56|0x0000000083800000, 0x0000000083800000, 0x0000000083900000|  0%| F|  |TAMS 0x0000000083800000| PB 0x0000000083800000| Untracked 
|  57|0x0000000083900000, 0x0000000083900000, 0x0000000083a00000|  0%| F|  |TAMS 0x0000000083900000| PB 0x0000000083900000| Untracked 
|  58|0x0000000083a00000, 0x0000000083a00000, 0x0000000083b00000|  0%| F|  |TAMS 0x0000000083a00000| PB 0x0000000083a00000| Untracked 
|  59|0x0000000083b00000, 0x0000000083b00000, 0x0000000083c00000|  0%| F|  |TAMS 0x0000000083b00000| PB 0x0000000083b00000| Untracked 
|  60|0x0000000083c00000, 0x0000000083c00000, 0x0000000083d00000|  0%| F|  |TAMS 0x0000000083c00000| PB 0x0000000083c00000| Untracked 
|  61|0x0000000083d00000, 0x0000000083d00000, 0x0000000083e00000|  0%| F|  |TAMS 0x0000000083d00000| PB 0x0000000083d00000| Untracked 
|  62|0x0000000083e00000, 0x0000000083e00000, 0x0000000083f00000|  0%| F|  |TAMS 0x0000000083e00000| PB 0x0000000083e00000| Untracked 
|  63|0x0000000083f00000, 0x0000000083f00000, 0x0000000084000000|  0%| F|  |TAMS 0x0000000083f00000| PB 0x0000000083f00000| Untracked 
|  64|0x0000000084000000, 0x0000000084000000, 0x0000000084100000|  0%| F|  |TAMS 0x0000000084000000| PB 0x0000000084000000| Untracked 
|  65|0x0000000084100000, 0x0000000084100000, 0x0000000084200000|  0%| F|  |TAMS 0x0000000084100000| PB 0x0000000084100000| Untracked 
|  66|0x0000000084200000, 0x0000000084200000, 0x0000000084300000|  0%| F|  |TAMS 0x0000000084200000| PB 0x0000000084200000| Untracked 
|  67|0x0000000084300000, 0x0000000084300000, 0x0000000084400000|  0%| F|  |TAMS 0x0000000084300000| PB 0x0000000084300000| Untracked 
|  68|0x0000000084400000, 0x0000000084400000, 0x0000000084500000|  0%| F|  |TAMS 0x0000000084400000| PB 0x0000000084400000| Untracked 
|  69|0x0000000084500000, 0x0000000084500000, 0x0000000084600000|  0%| F|  |TAMS 0x0000000084500000| PB 0x0000000084500000| Untracked 
|  70|0x0000000084600000, 0x0000000084600000, 0x0000000084700000|  0%| F|  |TAMS 0x0000000084600000| PB 0x0000000084600000| Untracked 
|  71|0x0000000084700000, 0x0000000084700000, 0x0000000084800000|  0%| F|  |TAMS 0x0000000084700000| PB 0x0000000084700000| Untracked 
|  72|0x0000000084800000, 0x0000000084800000, 0x0000000084900000|  0%| F|  |TAMS 0x0000000084800000| PB 0x0000000084800000| Untracked 
|  73|0x0000000084900000, 0x0000000084900000, 0x0000000084a00000|  0%| F|  |TAMS 0x0000000084900000| PB 0x0000000084900000| Untracked 
|  74|0x0000000084a00000, 0x0000000084a00000, 0x0000000084b00000|  0%| F|  |TAMS 0x0000000084a00000| PB 0x0000000084a00000| Untracked 
|  75|0x0000000084b00000, 0x0000000084b00000, 0x0000000084c00000|  0%| F|  |TAMS 0x0000000084b00000| PB 0x0000000084b00000| Untracked 
|  76|0x0000000084c00000, 0x0000000084c00000, 0x0000000084d00000|  0%| F|  |TAMS 0x0000000084c00000| PB 0x0000000084c00000| Untracked 
|  77|0x0000000084d00000, 0x0000000084d00000, 0x0000000084e00000|  0%| F|  |TAMS 0x0000000084d00000| PB 0x0000000084d00000| Untracked 
|  78|0x0000000084e00000, 0x0000000084e00000, 0x0000000084f00000|  0%| F|  |TAMS 0x0000000084e00000| PB 0x0000000084e00000| Untracked 
|  79|0x0000000084f00000, 0x0000000084f00000, 0x0000000085000000|  0%| F|  |TAMS 0x0000000084f00000| PB 0x0000000084f00000| Untracked 
|  80|0x0000000085000000, 0x0000000085000000, 0x0000000085100000|  0%| F|  |TAMS 0x0000000085000000| PB 0x0000000085000000| Untracked 
|  81|0x0000000085100000, 0x0000000085100000, 0x0000000085200000|  0%| F|  |TAMS 0x0000000085100000| PB 0x0000000085100000| Untracked 
|  82|0x0000000085200000, 0x0000000085200000, 0x0000000085300000|  0%| F|  |TAMS 0x0000000085200000| PB 0x0000000085200000| Untracked 
|  83|0x0000000085300000, 0x0000000085300000, 0x0000000085400000|  0%| F|  |TAMS 0x0000000085300000| PB 0x0000000085300000| Untracked 
|  84|0x0000000085400000, 0x0000000085400000, 0x0000000085500000|  0%| F|  |TAMS 0x0000000085400000| PB 0x0000000085400000| Untracked 
|  85|0x0000000085500000, 0x0000000085500000, 0x0000000085600000|  0%| F|  |TAMS 0x0000000085500000| PB 0x0000000085500000| Untracked 
|  86|0x0000000085600000, 0x0000000085600000, 0x0000000085700000|  0%| F|  |TAMS 0x0000000085600000| PB 0x0000000085600000| Untracked 
|  87|0x0000000085700000, 0x0000000085700000, 0x0000000085800000|  0%| F|  |TAMS 0x0000000085700000| PB 0x0000000085700000| Untracked 
|  88|0x0000000085800000, 0x0000000085800000, 0x0000000085900000|  0%| F|  |TAMS 0x0000000085800000| PB 0x0000000085800000| Untracked 
|  89|0x0000000085900000, 0x0000000085900000, 0x0000000085a00000|  0%| F|  |TAMS 0x0000000085900000| PB 0x0000000085900000| Untracked 
|  90|0x0000000085a00000, 0x0000000085a00000, 0x0000000085b00000|  0%| F|  |TAMS 0x0000000085a00000| PB 0x0000000085a00000| Untracked 
|  91|0x0000000085b00000, 0x0000000085b00000, 0x0000000085c00000|  0%| F|  |TAMS 0x0000000085b00000| PB 0x0000000085b00000| Untracked 
|  92|0x0000000085c00000, 0x0000000085c00000, 0x0000000085d00000|  0%| F|  |TAMS 0x0000000085c00000| PB 0x0000000085c00000| Untracked 
|  93|0x0000000085d00000, 0x0000000085d00000, 0x0000000085e00000|  0%| F|  |TAMS 0x0000000085d00000| PB 0x0000000085d00000| Untracked 
|  94|0x0000000085e00000, 0x0000000085e00000, 0x0000000085f00000|  0%| F|  |TAMS 0x0000000085e00000| PB 0x0000000085e00000| Untracked 
|  95|0x0000000085f00000, 0x0000000085f00000, 0x0000000086000000|  0%| F|  |TAMS 0x0000000085f00000| PB 0x0000000085f00000| Untracked 
|  96|0x0000000086000000, 0x0000000086000000, 0x0000000086100000|  0%| F|  |TAMS 0x0000000086000000| PB 0x0000000086000000| Untracked 
|  97|0x0000000086100000, 0x0000000086100000, 0x0000000086200000|  0%| F|  |TAMS 0x0000000086100000| PB 0x0000000086100000| Untracked 
|  98|0x0000000086200000, 0x0000000086200000, 0x0000000086300000|  0%| F|  |TAMS 0x0000000086200000| PB 0x0000000086200000| Untracked 
|  99|0x0000000086300000, 0x0000000086300000, 0x0000000086400000|  0%| F|  |TAMS 0x0000000086300000| PB 0x0000000086300000| Untracked 
| 100|0x0000000086400000, 0x0000000086400000, 0x0000000086500000|  0%| F|  |TAMS 0x0000000086400000| PB 0x0000000086400000| Untracked 
| 101|0x0000000086500000, 0x0000000086500000, 0x0000000086600000|  0%| F|  |TAMS 0x0000000086500000| PB 0x0000000086500000| Untracked 
| 102|0x0000000086600000, 0x0000000086600000, 0x0000000086700000|  0%| F|  |TAMS 0x0000000086600000| PB 0x0000000086600000| Untracked 
| 103|0x0000000086700000, 0x0000000086700000, 0x0000000086800000|  0%| F|  |TAMS 0x0000000086700000| PB 0x0000000086700000| Untracked 
| 104|0x0000000086800000, 0x0000000086800000, 0x0000000086900000|  0%| F|  |TAMS 0x0000000086800000| PB 0x0000000086800000| Untracked 
| 105|0x0000000086900000, 0x0000000086900000, 0x0000000086a00000|  0%| F|  |TAMS 0x0000000086900000| PB 0x0000000086900000| Untracked 
| 106|0x0000000086a00000, 0x0000000086a00000, 0x0000000086b00000|  0%| F|  |TAMS 0x0000000086a00000| PB 0x0000000086a00000| Untracked 
| 107|0x0000000086b00000, 0x0000000086b00000, 0x0000000086c00000|  0%| F|  |TAMS 0x0000000086b00000| PB 0x0000000086b00000| Untracked 
| 108|0x0000000086c00000, 0x0000000086c00000, 0x0000000086d00000|  0%| F|  |TAMS 0x0000000086c00000| PB 0x0000000086c00000| Untracked 
| 109|0x0000000086d00000, 0x0000000086d00000, 0x0000000086e00000|  0%| F|  |TAMS 0x0000000086d00000| PB 0x0000000086d00000| Untracked 
| 110|0x0000000086e00000, 0x0000000086e00000, 0x0000000086f00000|  0%| F|  |TAMS 0x0000000086e00000| PB 0x0000000086e00000| Untracked 
| 111|0x0000000086f00000, 0x0000000086f00000, 0x0000000087000000|  0%| F|  |TAMS 0x0000000086f00000| PB 0x0000000086f00000| Untracked 
| 112|0x0000000087000000, 0x0000000087000000, 0x0000000087100000|  0%| F|  |TAMS 0x0000000087000000| PB 0x0000000087000000| Untracked 
| 113|0x0000000087100000, 0x0000000087100000, 0x0000000087200000|  0%| F|  |TAMS 0x0000000087100000| PB 0x0000000087100000| Untracked 
| 114|0x0000000087200000, 0x0000000087200000, 0x0000000087300000|  0%| F|  |TAMS 0x0000000087200000| PB 0x0000000087200000| Untracked 
| 115|0x0000000087300000, 0x0000000087300000, 0x0000000087400000|  0%| F|  |TAMS 0x0000000087300000| PB 0x0000000087300000| Untracked 
| 116|0x0000000087400000, 0x0000000087400000, 0x0000000087500000|  0%| F|  |TAMS 0x0000000087400000| PB 0x0000000087400000| Untracked 
| 117|0x0000000087500000, 0x0000000087500000, 0x0000000087600000|  0%| F|  |TAMS 0x0000000087500000| PB 0x0000000087500000| Untracked 
| 118|0x0000000087600000, 0x0000000087600000, 0x0000000087700000|  0%| F|  |TAMS 0x0000000087600000| PB 0x0000000087600000| Untracked 
| 119|0x0000000087700000, 0x0000000087800000, 0x0000000087800000|100%| O|  |TAMS 0x0000000087700000| PB 0x0000000087700000| Untracked 
| 120|0x0000000087800000, 0x0000000087800000, 0x0000000087900000|  0%| F|  |TAMS 0x0000000087800000| PB 0x0000000087800000| Untracked 
| 121|0x0000000087900000, 0x0000000087900000, 0x0000000087a00000|  0%| F|  |TAMS 0x0000000087900000| PB 0x0000000087900000| Untracked 
| 122|0x0000000087a00000, 0x0000000087a00000, 0x0000000087b00000|  0%| F|  |TAMS 0x0000000087a00000| PB 0x0000000087a00000| Untracked 
| 123|0x0000000087b00000, 0x0000000087b00000, 0x0000000087c00000|  0%| F|  |TAMS 0x0000000087b00000| PB 0x0000000087b00000| Untracked 
| 124|0x0000000087c00000, 0x0000000087d00000, 0x0000000087d00000|100%| E|  |TAMS 0x0000000087c00000| PB 0x0000000087c00000| Complete 
| 125|0x0000000087d00000, 0x0000000087e00000, 0x0000000087e00000|100%| E|CS|TAMS 0x0000000087d00000| PB 0x0000000087d00000| Complete 
| 126|0x0000000087e00000, 0x0000000087f00000, 0x0000000087f00000|100%| E|CS|TAMS 0x0000000087e00000| PB 0x0000000087e00000| Complete 
| 127|0x0000000087f00000, 0x0000000088000000, 0x0000000088000000|100%| E|CS|TAMS 0x0000000087f00000| PB 0x0000000087f00000| Complete 

Card table byte_map: [0x000001df32540000,0x000001df32940000] _byte_map_base: 0x000001df32140000

Marking Bits: (CMBitMap*) 0x000001df1ed5c960
 Bits: [0x000001df32940000, 0x000001df34940000)

Polling page: 0x000001df1cc90000

Metaspace:

Usage:
  Non-class:     21.08 MB used.
      Class:      2.35 MB used.
       Both:     23.43 MB used.

Virtual space:
  Non-class space:       64.00 MB reserved,      21.31 MB ( 33%) committed,  1 nodes.
      Class space:        1.00 GB reserved,       2.56 MB ( <1%) committed,  1 nodes.
             Both:        1.06 GB reserved,      23.88 MB (  2%) committed. 

Chunk freelists:
   Non-Class:  10.26 MB
       Class:  13.41 MB
        Both:  23.66 MB

MaxMetaspaceSize: unlimited
CompressedClassSpaceSize: 1.00 GB
Initial GC threshold: 21.00 MB
Current GC threshold: 39.38 MB
CDS: off
 - commit_granule_bytes: 65536.
 - commit_granule_words: 8192.
 - virtual_space_node_default_size: 8388608.
 - enlarge_chunks_in_place: 1.
 - use_allocation_guard: 0.


Internal statistics:

num_allocs_failed_limit: 3.
num_arena_births: 620.
num_arena_deaths: 48.
num_vsnodes_births: 2.
num_vsnodes_deaths: 0.
num_space_committed: 382.
num_space_uncommitted: 0.
num_chunks_returned_to_freelist: 70.
num_chunks_taken_from_freelist: 1154.
num_chunk_merges: 8.
num_chunk_splits: 654.
num_chunks_enlarged: 246.
num_inconsistent_stats: 0.

CodeHeap 'non-profiled nmethods': size=120000Kb used=1323Kb max_used=1350Kb free=118676Kb
 bounds [0x000001df2a6c0000, 0x000001df2a930000, 0x000001df31bf0000]
CodeHeap 'profiled nmethods': size=120000Kb used=5052Kb max_used=5491Kb free=114947Kb
 bounds [0x000001df22bf0000, 0x000001df23150000, 0x000001df2a120000]
CodeHeap 'non-nmethods': size=5760Kb used=1436Kb max_used=1486Kb free=4323Kb
 bounds [0x000001df2a120000, 0x000001df2a390000, 0x000001df2a6c0000]
 total_blobs=3179 nmethods=2652 adapters=431
 compilation: enabled
              stopped_count=0, restarted_count=0
 full_count=0

Compilation events (20 events):
Event: 4712.375 Thread 0x000001df37832570 2833       3       java.lang.ref.ReferenceQueue::await (15 bytes)
Event: 4712.377 Thread 0x000001df37832570 nmethod 2833 0x000001df22bf5d10 code [0x000001df22bf5ec0, 0x000001df22bf6058]
Event: 4893.469 Thread 0x000001df37831ae0 2835   !   4       java.io.BufferedOutputStream::write (62 bytes)
Event: 4893.483 Thread 0x000001df37831ae0 nmethod 2835 0x000001df2a6c9f10 code [0x000001df2a6ca120, 0x000001df2a6ca7a0]
Event: 5022.542 Thread 0x000001df37832570 2836   !   3       java.lang.Object::wait (50 bytes)
Event: 5022.544 Thread 0x000001df37832570 nmethod 2836 0x000001df22cca510 code [0x000001df22cca720, 0x000001df22ccac70]
Event: 5100.607 Thread 0x000001df37831ae0 2837       4       java.io.FilterInputStream::read (8 bytes)
Event: 5100.618 Thread 0x000001df37831ae0 nmethod 2837 0x000001df2a721410 code [0x000001df2a721640, 0x000001df2a721dc8]
Event: 5164.152 Thread 0x000001df37832570 2838       3       java.lang.invoke.BoundMethodHandle::editor (8 bytes)
Event: 5164.157 Thread 0x000001df37832570 nmethod 2838 0x000001df22bf4f10 code [0x000001df22bf50e0, 0x000001df22bf5460]
Event: 5164.197 Thread 0x000001df37832570 2839       3       java.util.stream.StreamOpFlag::combineOpFlags (9 bytes)
Event: 5164.198 Thread 0x000001df37832570 nmethod 2839 0x000001df22c19390 code [0x000001df22c19540, 0x000001df22c196f0]
Event: 5164.221 Thread 0x000001df37832570 2840       3       java.lang.invoke.LambdaFormEditor$TransformKey::ival (25 bytes)
Event: 5164.221 Thread 0x000001df37832570 nmethod 2840 0x000001df22c80610 code [0x000001df22c807a0, 0x000001df22c808a0]
Event: 5164.266 Thread 0x000001df37831ae0 2842       4       jdk.internal.org.objectweb.asm.MethodWriter::visitCode (1 bytes)
Event: 5164.267 Thread 0x000001df37831ae0 nmethod 2842 0x000001df2a72cf90 code [0x000001df2a72d120, 0x000001df2a72d1a8]
Event: 5164.268 Thread 0x000001df37832570 2846       3       java.lang.invoke.InvokerBytecodeGenerator::lookupPregenerated (294 bytes)
Event: 5164.272 Thread 0x000001df37832570 nmethod 2846 0x000001df22ca8210 code [0x000001df22ca85a0, 0x000001df22ca99a0]
Event: 5164.272 Thread 0x000001df37832570 2847       3       java.util.regex.Pattern$Node::study (21 bytes)
Event: 5164.272 Thread 0x000001df37832570 nmethod 2847 0x000001df22ce0890 code [0x000001df22ce0a40, 0x000001df22ce0c78]

GC Heap History (6 events):
Event: 0.724 GC heap before
{Heap before GC invocations=0 (full 0):
 garbage-first heap   total 131072K, used 26624K [0x0000000080000000, 0x0000000100000000)
  region size 1024K, 23 young (23552K), 0 survivors (0K)
 Metaspace       used 17555K, committed 17984K, reserved 1114112K
  class space    used 1815K, committed 2048K, reserved 1048576K
}
Event: 0.731 GC heap after
{Heap after GC invocations=1 (full 0):
 garbage-first heap   total 131072K, used 9152K [0x0000000080000000, 0x0000000100000000)
  region size 1024K, 3 young (3072K), 3 survivors (3072K)
 Metaspace       used 17555K, committed 17984K, reserved 1114112K
  class space    used 1815K, committed 2048K, reserved 1048576K
}
Event: 0.985 GC heap before
{Heap before GC invocations=1 (full 0):
 garbage-first heap   total 131072K, used 15296K [0x0000000080000000, 0x0000000100000000)
  region size 1024K, 11 young (11264K), 3 survivors (3072K)
 Metaspace       used 21108K, committed 21504K, reserved 1114112K
  class space    used 2184K, committed 2368K, reserved 1048576K
}
Event: 0.989 GC heap after
{Heap after GC invocations=2 (full 0):
 garbage-first heap   total 131072K, used 11029K [0x0000000080000000, 0x0000000100000000)
  region size 1024K, 2 young (2048K), 2 survivors (2048K)
 Metaspace       used 21108K, committed 21504K, reserved 1114112K
  class space    used 2184K, committed 2368K, reserved 1048576K
}
Event: 3601.009 GC heap before
{Heap before GC invocations=3 (full 0):
 garbage-first heap   total 131072K, used 42773K [0x0000000080000000, 0x0000000100000000)
  region size 1024K, 34 young (34816K), 2 survivors (2048K)
 Metaspace       used 23738K, committed 24192K, reserved 1114112K
  class space    used 2387K, committed 2624K, reserved 1048576K
}
Event: 3601.231 GC heap after
{Heap after GC invocations=4 (full 1):
 garbage-first heap   total 131072K, used 11384K [0x0000000080000000, 0x0000000100000000)
  region size 1024K, 0 young (0K), 0 survivors (0K)
 Metaspace       used 23684K, committed 24192K, reserved 1114112K
  class space    used 2374K, committed 2624K, reserved 1048576K
}

Dll operation events (2 events):
Event: 0.008 Loaded shared library C:\Program Files\JetBrains\IntelliJ IDEA 2024.2.3\jbr\bin\java.dll
Event: 0.012 Loaded shared library C:\Program Files\JetBrains\IntelliJ IDEA 2024.2.3\jbr\bin\zip.dll

Deoptimization events (20 events):
Event: 1.390 Thread 0x000001df3c5069a0 Uncommon trap: trap_request=0xffffff45 fr.pc=0x000001df2a775118 relative=0x0000000000000f38
Event: 1.390 Thread 0x000001df3c5069a0 Uncommon trap: reason=unstable_if action=reinterpret pc=0x000001df2a775118 method=jdk.internal.org.objectweb.asm.Frame.getAbstractTypeFromDescriptor(Ljdk/internal/org/objectweb/asm/SymbolTable;Ljava/lang/String;I)I @ 189 c2
Event: 1.390 Thread 0x000001df3c5069a0 DEOPT PACKING pc=0x000001df2a775118 sp=0x000000cba98fdfe0
Event: 1.390 Thread 0x000001df3c5069a0 DEOPT UNPACKING pc=0x000001df2a1746a2 sp=0x000000cba98fdfb0 mode 2
Event: 1.399 Thread 0x000001df3c5069a0 DEOPT PACKING pc=0x000001df22d4c8f5 sp=0x000000cba98fe5d0
Event: 1.399 Thread 0x000001df3c5069a0 DEOPT UNPACKING pc=0x000001df2a174e42 sp=0x000000cba98fda68 mode 0
Event: 1.775 Thread 0x000001df3c5069a0 DEOPT PACKING pc=0x000001df22f2f749 sp=0x000000cba98fe600
Event: 1.775 Thread 0x000001df3c5069a0 DEOPT UNPACKING pc=0x000001df2a174e42 sp=0x000000cba98fda88 mode 0
Event: 30.604 Thread 0x000001df3c5ffd00 Uncommon trap: trap_request=0xffffff45 fr.pc=0x000001df2a7a86e0 relative=0x00000000000001c0
Event: 30.604 Thread 0x000001df3c5ffd00 Uncommon trap: reason=unstable_if action=reinterpret pc=0x000001df2a7a86e0 method=java.io.BufferedInputStream.implRead()I @ 23 c2
Event: 30.604 Thread 0x000001df3c5ffd00 DEOPT PACKING pc=0x000001df2a7a86e0 sp=0x000000cba99febd0
Event: 30.604 Thread 0x000001df3c5ffd00 DEOPT UNPACKING pc=0x000001df2a1746a2 sp=0x000000cba99feb18 mode 2
Event: 300.626 Thread 0x000001df3c602460 Uncommon trap: trap_request=0xffffff45 fr.pc=0x000001df2a7cfa5c relative=0x00000000000003dc
Event: 300.626 Thread 0x000001df3c602460 Uncommon trap: reason=unstable_if action=reinterpret pc=0x000001df2a7cfa5c method=java.lang.ThreadLocal.get(Ljava/lang/Thread;)Ljava/lang/Object; @ 7 c2
Event: 300.626 Thread 0x000001df3c602460 DEOPT PACKING pc=0x000001df2a7cfa5c sp=0x000000cba9afe7f0
Event: 300.626 Thread 0x000001df3c602460 DEOPT UNPACKING pc=0x000001df2a1746a2 sp=0x000000cba9afe620 mode 2
Event: 3106.719 Thread 0x000001df3c5069a0 Uncommon trap: trap_request=0xffffff45 fr.pc=0x000001df2a7a7ea8 relative=0x00000000000000e8
Event: 3106.720 Thread 0x000001df3c5069a0 Uncommon trap: reason=unstable_if action=reinterpret pc=0x000001df2a7a7ea8 method=java.io.BufferedInputStream.implRead()I @ 23 c2
Event: 3106.720 Thread 0x000001df3c5069a0 DEOPT PACKING pc=0x000001df2a7a7ea8 sp=0x000000cba98ff160
Event: 3106.722 Thread 0x000001df3c5069a0 DEOPT UNPACKING pc=0x000001df2a1746a2 sp=0x000000cba98ff110 mode 2

Classes loaded (20 events):
Event: 5164.235 Loading class java/util/ResourceBundle$KeyElementReference done
Event: 5164.240 Loading class java/util/ResourceBundle$3
Event: 5164.240 Loading class java/util/ResourceBundle$3 done
Event: 5164.243 Loading class sun/util/logging/resources/logging
Event: 5164.243 Loading class sun/util/logging/resources/logging done
Event: 5164.244 Loading class java/util/ResourceBundle$BundleReference
Event: 5164.244 Loading class java/util/ResourceBundle$BundleReference done
Event: 5164.246 Loading class sun/util/logging/resources/logging_fr
Event: 5164.246 Loading class sun/util/logging/resources/logging_fr done
Event: 5164.247 Loading class sun/util/logging/resources/logging_fr_FR
Event: 5164.247 Loading class sun/util/logging/resources/logging_fr_FR done
Event: 5164.247 Loading class sun/util/logging/resources/logging_fr_FR
Event: 5164.247 Loading class sun/util/logging/resources/logging_fr_FR done
Event: 5164.258 Loading class java/util/Formatter
Event: 5164.259 Loading class java/util/Formatter done
Event: 5164.270 Loading class java/util/Formatter$Conversion
Event: 5164.270 Loading class java/util/Formatter$Conversion done
Event: 5164.271 Loading class java/util/Formatter$FormatSpecifier
Event: 5164.274 Loading class java/util/Formatter$FormatString
Event: 5164.274 Loading class java/util/Formatter$FormatString done

Classes unloaded (20 events):
Event: 3601.091 Thread 0x000001df372be8a0 Unloading class 0x000000010018a800 'java/lang/invoke/LambdaForm$MH+0x000000010018a800'
Event: 3601.091 Thread 0x000001df372be8a0 Unloading class 0x000000010018a000 'java/lang/invoke/LambdaForm$MH+0x000000010018a000'
Event: 3601.091 Thread 0x000001df372be8a0 Unloading class 0x0000000100189800 'java/lang/invoke/LambdaForm$MH+0x0000000100189800'
Event: 3601.091 Thread 0x000001df372be8a0 Unloading class 0x0000000100189400 'java/lang/invoke/LambdaForm$DMH+0x0000000100189400'
Event: 3601.091 Thread 0x000001df372be8a0 Unloading class 0x0000000100188c00 'jdk/internal/reflect/GeneratedSerializationConstructorAccessor8'
Event: 3601.091 Thread 0x000001df372be8a0 Unloading class 0x0000000100188000 'jdk/internal/reflect/GeneratedSerializationConstructorAccessor5'
Event: 3601.091 Thread 0x000001df372be8a0 Unloading class 0x0000000100187400 'jdk/internal/reflect/GeneratedSerializationConstructorAccessor2'
Event: 3601.091 Thread 0x000001df372be8a0 Unloading class 0x0000000100186800 'java/lang/invoke/LambdaForm$MH+0x0000000100186800'
Event: 3601.091 Thread 0x000001df372be8a0 Unloading class 0x0000000100186400 'java/lang/invoke/LambdaForm$DMH+0x0000000100186400'
Event: 3601.091 Thread 0x000001df372be8a0 Unloading class 0x0000000100185400 'java/lang/invoke/LambdaForm$MH+0x0000000100185400'
Event: 3601.091 Thread 0x000001df372be8a0 Unloading class 0x0000000100184c00 'java/lang/invoke/LambdaForm$MH+0x0000000100184c00'
Event: 3601.091 Thread 0x000001df372be8a0 Unloading class 0x0000000100184800 'java/lang/invoke/LambdaForm$MH+0x0000000100184800'
Event: 3601.091 Thread 0x000001df372be8a0 Unloading class 0x0000000100184000 'java/lang/invoke/LambdaForm$MH+0x0000000100184000'
Event: 3601.091 Thread 0x000001df372be8a0 Unloading class 0x0000000100183400 'java/lang/invoke/LambdaForm$MH+0x0000000100183400'
Event: 3601.091 Thread 0x000001df372be8a0 Unloading class 0x0000000100182c00 'java/lang/invoke/LambdaForm$MH+0x0000000100182c00'
Event: 3601.091 Thread 0x000001df372be8a0 Unloading class 0x0000000100182400 'java/lang/invoke/LambdaForm$MH+0x0000000100182400'
Event: 3601.091 Thread 0x000001df372be8a0 Unloading class 0x0000000100181c00 'java/lang/invoke/LambdaForm$MH+0x0000000100181c00'
Event: 3601.091 Thread 0x000001df372be8a0 Unloading class 0x0000000100181400 'java/lang/invoke/LambdaForm$MH+0x0000000100181400'
Event: 3601.091 Thread 0x000001df372be8a0 Unloading class 0x0000000100180c00 'java/lang/invoke/LambdaForm$MH+0x0000000100180c00'
Event: 3601.091 Thread 0x000001df372be8a0 Unloading class 0x0000000100180400 'java/lang/invoke/LambdaForm$MH+0x0000000100180400'

Classes redefined (0 events):
No events

Internal exceptions (20 events):
Event: 1.079 Thread 0x000001df3c5069a0 Exception <a 'java/lang/NoSuchMethodError'{0x0000000087b4acf8}: 'int java.lang.invoke.DirectMethodHandle$Holder.invokeSpecial(java.lang.Object, java.lang.Object, java.lang.Object, int)'> (0x0000000087b4acf8) 
thrown [s\src\hotspot\share\interpreter\linkResolver.cpp, line 784]
Event: 1.080 Thread 0x000001df3c5069a0 Exception <a 'java/lang/NoSuchMethodError'{0x0000000087b5d1e8}: 'java.lang.Object java.lang.invoke.DirectMethodHandle$Holder.invokeStatic(java.lang.Object, java.lang.Object, java.lang.Object, java.lang.Object, int)'> (0x0000000087b5d1e8) 
thrown [s\src\hotspot\share\interpreter\linkResolver.cpp, line 784]
Event: 1.094 Thread 0x000001df3c5069a0 Exception <a 'java/lang/NoSuchMethodError'{0x0000000087b8b988}: 'void java.lang.invoke.DirectMethodHandle$Holder.invokeInterface(java.lang.Object, java.lang.Object, int)'> (0x0000000087b8b988) 
thrown [s\src\hotspot\share\interpreter\linkResolver.cpp, line 784]
Event: 1.095 Thread 0x000001df3c5069a0 Exception <a 'java/lang/NoSuchMethodError'{0x0000000087b8f810}: 'void java.lang.invoke.DelegatingMethodHandle$Holder.reinvoke_L(java.lang.Object, java.lang.Object, int)'> (0x0000000087b8f810) 
thrown [s\src\hotspot\share\interpreter\linkResolver.cpp, line 784]
Event: 1.121 Thread 0x000001df3c5069a0 Exception <a 'java/lang/NoSuchMethodError'{0x0000000087a51568}: static [Ljava/lang/StackTraceElement;.<clinit>()V> (0x0000000087a51568) 
thrown [s\src\hotspot\share\prims\jni.cpp, line 1126]
Event: 1.137 Thread 0x000001df3c5069a0 Exception <a 'java/lang/NoSuchMethodError'{0x0000000087a812c0}: 'void java.lang.invoke.DirectMethodHandle$Holder.invokeInterface(java.lang.Object, java.lang.Object)'> (0x0000000087a812c0) 
thrown [s\src\hotspot\share\interpreter\linkResolver.cpp, line 784]
Event: 1.329 Thread 0x000001df3c5069a0 Exception <a 'java/lang/NoSuchMethodError'{0x0000000087871c38}: static Lcom/intellij/database/remote/jdba/core/ConnectionInfo;.<clinit>()V> (0x0000000087871c38) 
thrown [s\src\hotspot\share\prims\jni.cpp, line 1126]
Event: 1.330 Thread 0x000001df3c5069a0 Exception <a 'java/lang/NoSuchMethodError'{0x000000008787c760}: static Ljava/lang/Object;.<clinit>()V> (0x000000008787c760) 
thrown [s\src\hotspot\share\prims\jni.cpp, line 1126]
Event: 1.330 Thread 0x000001df3c5069a0 Exception <a 'java/lang/NoSuchMethodError'{0x0000000087880d40}: static [I.<clinit>()V> (0x0000000087880d40) 
thrown [s\src\hotspot\share\prims\jni.cpp, line 1126]
Event: 1.344 Thread 0x000001df3c5069a0 Exception <a 'java/lang/NoSuchMethodError'{0x00000000878a51b8}: 'java.lang.Object java.lang.invoke.DirectMethodHandle$Holder.invokeInterface(java.lang.Object, java.lang.Object, java.lang.Object, java.lang.Object)'> (0x00000000878a51b8) 
thrown [s\src\hotspot\share\interpreter\linkResolver.cpp, line 784]
Event: 1.412 Thread 0x000001df3c5069a0 Exception <a 'java/lang/NoSuchMethodError'{0x00000000874c6958}: static Lcom/intellij/database/remote/jdba/core/ResultLayout;.<clinit>()V> (0x00000000874c6958) 
thrown [s\src\hotspot\share\prims\jni.cpp, line 1126]
Event: 1.414 Thread 0x000001df3c5069a0 Exception <a 'java/lang/NoSuchMethodError'{0x00000000874d3b20}: static Lcom/intellij/database/remote/jdba/core/RowLayout;.<clinit>()V> (0x00000000874d3b20) 
thrown [s\src\hotspot\share\prims\jni.cpp, line 1126]
Event: 1.417 Thread 0x000001df3c5069a0 Exception <a 'java/lang/NoSuchMethodError'{0x00000000874e1bd8}: static Lcom/intellij/database/remote/jdba/util/NameAndClass;.<clinit>()V> (0x00000000874e1bd8) 
thrown [s\src\hotspot\share\prims\jni.cpp, line 1126]
Event: 1.418 Thread 0x000001df3c5069a0 Exception <a 'java/lang/NoSuchMethodError'{0x00000000874e48e8}: 'java.lang.Object java.lang.invoke.DirectMethodHandle$Holder.invokeInterface(java.lang.Object, java.lang.Object, int, java.lang.Object)'> (0x00000000874e48e8) 
thrown [s\src\hotspot\share\interpreter\linkResolver.cpp, line 784]
Event: 1.418 Thread 0x000001df3c5069a0 Exception <a 'java/lang/NoSuchMethodError'{0x00000000874e8a88}: 'java.lang.Object java.lang.invoke.DirectMethodHandle$Holder.invokeSpecial(java.lang.Object, java.lang.Object, java.lang.Object, int, java.lang.Object)'> (0x00000000874e8a88) 
thrown [s\src\hotspot\share\interpreter\linkResolver.cpp, line 784]
Event: 1.776 Thread 0x000001df3c5069a0 Exception <a 'java/lang/NoSuchMethodError'{0x000000008724ee10}: static [Ljava/lang/Object;.<clinit>()V> (0x000000008724ee10) 
thrown [s\src\hotspot\share\prims\jni.cpp, line 1126]
Event: 1.826 Thread 0x000001df3c5069a0 Exception <a 'java/lang/NoSuchMethodError'{0x00000000872e6b30}: static [J.<clinit>()V> (0x00000000872e6b30) 
thrown [s\src\hotspot\share\prims\jni.cpp, line 1126]
Event: 300.625 Thread 0x000001df3c602460 Implicit null exception at 0x000001df2a7cf6c2 to 0x000001df2a7cfa40
Event: 5163.935 Thread 0x000001df3c478e50 Exception <a 'java/lang/OutOfMemoryError'{0x0000000087cdf0b0}: unable to create native thread: possibly out of memory or process/resource limits reached> (0x0000000087cdf0b0) 
thrown [s\src\hotspot\share\prims\jvm.cpp, line 3016]
Event: 5164.240 Thread 0x000001df3c478e50 Exception <a 'java/lang/ClassNotFoundException'{0x0000000087cec818}: sun/util/logging/resources/spi/loggingProvider> (0x0000000087cec818) 
thrown [s\src\hotspot\share\classfile\systemDictionary.cpp, line 312]

ZGC Phase Switch (0 events):
No events

VM Operations (20 events):
Event: 1234.822 Executing VM operation: Cleanup
Event: 1234.822 Executing VM operation: Cleanup done
Event: 1820.731 Executing VM operation: Cleanup
Event: 1820.731 Executing VM operation: Cleanup done
Event: 2234.663 Executing VM operation: Cleanup
Event: 2234.664 Executing VM operation: Cleanup done
Event: 3107.182 Executing VM operation: Cleanup
Event: 3107.183 Executing VM operation: Cleanup done
Event: 3181.915 Executing VM operation: Cleanup
Event: 3181.915 Executing VM operation: Cleanup done
Event: 3300.963 Executing VM operation: Cleanup
Event: 3300.963 Executing VM operation: Cleanup done
Event: 3601.008 Executing VM operation: G1CollectFull (System.gc())
Event: 3601.231 Executing VM operation: G1CollectFull (System.gc()) done
Event: 4632.661 Executing VM operation: Cleanup
Event: 4632.665 Executing VM operation: Cleanup done
Event: 4741.745 Executing VM operation: Cleanup
Event: 4741.745 Executing VM operation: Cleanup done
Event: 4903.252 Executing VM operation: Cleanup
Event: 4903.252 Executing VM operation: Cleanup done

Memory protections (0 events):
No events

Nmethod flushes (20 events):
Event: 3601.211 Thread 0x000001df372be8a0 flushing  nmethod 0x000001df22c61310
Event: 3601.211 Thread 0x000001df372be8a0 flushing  nmethod 0x000001df22c65590
Event: 3601.211 Thread 0x000001df372be8a0 flushing  nmethod 0x000001df22c65910
Event: 3601.211 Thread 0x000001df372be8a0 flushing  nmethod 0x000001df22c71b90
Event: 3601.211 Thread 0x000001df372be8a0 flushing  nmethod 0x000001df22c77a90
Event: 3601.211 Thread 0x000001df372be8a0 flushing  nmethod 0x000001df22c78110
Event: 3601.211 Thread 0x000001df372be8a0 flushing  nmethod 0x000001df22c7ab90
Event: 3601.211 Thread 0x000001df372be8a0 flushing  nmethod 0x000001df22c7b210
Event: 3601.211 Thread 0x000001df372be8a0 flushing  nmethod 0x000001df22cca510
Event: 3601.211 Thread 0x000001df372be8a0 flushing  nmethod 0x000001df22ccd110
Event: 3601.211 Thread 0x000001df372be8a0 flushing  nmethod 0x000001df22ce0890
Event: 3601.211 Thread 0x000001df372be8a0 flushing  nmethod 0x000001df22d27f10
Event: 3601.211 Thread 0x000001df372be8a0 flushing  nmethod 0x000001df22d46a10
Event: 3601.211 Thread 0x000001df372be8a0 flushing  nmethod 0x000001df22d47790
Event: 3601.211 Thread 0x000001df372be8a0 flushing  nmethod 0x000001df22da5610
Event: 3601.211 Thread 0x000001df372be8a0 flushing  nmethod 0x000001df22da7b90
Event: 3601.211 Thread 0x000001df372be8a0 flushing  nmethod 0x000001df22e23c10
Event: 3601.211 Thread 0x000001df372be8a0 flushing  nmethod 0x000001df22e5ae90
Event: 3601.211 Thread 0x000001df372be8a0 flushing  nmethod 0x000001df22e5bb90
Event: 3601.211 Thread 0x000001df372be8a0 flushing osr nmethod 0x000001df22e91e90

Events (20 events):
Event: 1.329 Thread 0x000001df37832570 Thread added: 0x000001df3cce9b20
Event: 1.765 Thread 0x000001df3cce9b20 Thread exited: 0x000001df3cce9b20
Event: 1.778 Thread 0x000001df37831ae0 Thread added: 0x000001df3d7f20b0
Event: 7.762 Thread 0x000001df3d7f20b0 Thread exited: 0x000001df3d7f20b0
Event: 46.255 Thread 0x000001df3c5069a0 Thread added: 0x000001df3c600a20
Event: 46.256 Thread 0x000001df3c5069a0 Thread added: 0x000001df3c6010b0
Event: 46.256 Thread 0x000001df3c5069a0 Thread added: 0x000001df3c601740
Event: 46.256 Thread 0x000001df3c5069a0 Thread added: 0x000001df3c601dd0
Event: 46.256 Thread 0x000001df3c5069a0 Thread added: 0x000001df3c602af0
Event: 46.256 Thread 0x000001df3c5069a0 Thread added: 0x000001df3c603180
Event: 46.257 Thread 0x000001df3c600a20 Thread exited: 0x000001df3c600a20
Event: 46.257 Thread 0x000001df3c6010b0 Thread exited: 0x000001df3c6010b0
Event: 46.257 Thread 0x000001df3c601740 Thread exited: 0x000001df3c601740
Event: 46.257 Thread 0x000001df3c601dd0 Thread exited: 0x000001df3c601dd0
Event: 46.257 Thread 0x000001df3c602af0 Thread exited: 0x000001df3c602af0
Event: 46.257 Thread 0x000001df3c603180 Thread exited: 0x000001df3c603180
Event: 90.597 Thread 0x000001df3c3821a0 Thread exited: 0x000001df3c3821a0
Event: 90.611 Thread 0x000001df3c5ffd00 Thread exited: 0x000001df3c5ffd00
Event: 3091.737 Thread 0x000001df3c478e50 Thread added: 0x000001df3c602af0
Event: 3166.746 Thread 0x000001df3c5069a0 Thread exited: 0x000001df3c5069a0


Dynamic libraries:
0x00007ff7154a0000 - 0x00007ff7154aa000 	C:\Program Files\JetBrains\IntelliJ IDEA 2024.2.3\jbr\bin\java.exe
0x00007ff9b7ba0000 - 0x00007ff9b7e07000 	C:\WINDOWS\SYSTEM32\ntdll.dll
0x00007ff9b6a20000 - 0x00007ff9b6ae9000 	C:\WINDOWS\System32\KERNEL32.DLL
0x00007ff9b50e0000 - 0x00007ff9b54cf000 	C:\WINDOWS\System32\KERNELBASE.dll
0x00007ff9b55c0000 - 0x00007ff9b570b000 	C:\WINDOWS\System32\ucrtbase.dll
0x00007ff989f40000 - 0x00007ff989f58000 	C:\Program Files\JetBrains\IntelliJ IDEA 2024.2.3\jbr\bin\jli.dll
0x00007ff9af650000 - 0x00007ff9af66b000 	C:\Program Files\JetBrains\IntelliJ IDEA 2024.2.3\jbr\bin\VCRUNTIME140.dll
0x00007ff9b7380000 - 0x00007ff9b7545000 	C:\WINDOWS\System32\USER32.dll
0x00007ff9b5590000 - 0x00007ff9b55b7000 	C:\WINDOWS\System32\win32u.dll
0x00007ff9b7690000 - 0x00007ff9b76bb000 	C:\WINDOWS\System32\GDI32.dll
0x00007ff9b4f20000 - 0x00007ff9b504c000 	C:\WINDOWS\System32\gdi32full.dll
0x00007ff9b4e70000 - 0x00007ff9b4f13000 	C:\WINDOWS\System32\msvcp_win.dll
0x00007ff9978f0000 - 0x00007ff997b83000 	C:\WINDOWS\WinSxS\amd64_microsoft.windows.common-controls_6595b64144ccf1df_6.0.26100.7309_none_3e05feeae336a044\COMCTL32.dll
0x00007ff9b5940000 - 0x00007ff9b59e9000 	C:\WINDOWS\System32\msvcrt.dll
0x00007ff9b6f10000 - 0x00007ff9b6f41000 	C:\WINDOWS\System32\IMM32.DLL
0x000000006eaf0000 - 0x000000006eafc000 	C:\Program Files (x86)\360\Total Security\safemon\SafeWrapper.dll
0x00007ff9b6390000 - 0x00007ff9b6444000 	C:\WINDOWS\System32\ADVAPI32.dll
0x00007ff9b7550000 - 0x00007ff9b75f6000 	C:\WINDOWS\System32\sechost.dll
0x00007ff9b64e0000 - 0x00007ff9b65f8000 	C:\WINDOWS\System32\RPCRT4.dll
0x00007ff934be0000 - 0x00007ff934c8c000 	C:\Program Files (x86)\360\Total Security\safemon\libzdtp64.dll
0x00007ff9b5bd0000 - 0x00007ff9b6323000 	C:\WINDOWS\System32\SHELL32.dll
0x00007ff9b5710000 - 0x00007ff9b587a000 	C:\WINDOWS\System32\wintypes.dll
0x00007ff9b6690000 - 0x00007ff9b6a16000 	C:\WINDOWS\System32\combase.dll
0x00007ff9b6bb0000 - 0x00007ff9b6c16000 	C:\WINDOWS\System32\SHLWAPI.dll
0x00007ff9b47d0000 - 0x00007ff9b47db000 	C:\WINDOWS\SYSTEM32\VERSION.dll
0x00007ff9b1780000 - 0x00007ff9b178c000 	C:\Program Files\JetBrains\IntelliJ IDEA 2024.2.3\jbr\bin\vcruntime140_1.dll
0x00007ff969d10000 - 0x00007ff969d9d000 	C:\Program Files\JetBrains\IntelliJ IDEA 2024.2.3\jbr\bin\msvcp140.dll
0x00007ff966950000 - 0x00007ff967710000 	C:\Program Files\JetBrains\IntelliJ IDEA 2024.2.3\jbr\bin\server\jvm.dll
0x00007ff9b6610000 - 0x00007ff9b6684000 	C:\WINDOWS\System32\WS2_32.dll
0x00007ff9b4b50000 - 0x00007ff9b4bae000 	C:\WINDOWS\SYSTEM32\POWRPROF.dll
0x00007ff9acfd0000 - 0x00007ff9ad005000 	C:\WINDOWS\SYSTEM32\WINMM.dll
0x00007ff9b4b30000 - 0x00007ff9b4b44000 	C:\WINDOWS\SYSTEM32\UMPDC.dll
0x00007ff9b3a30000 - 0x00007ff9b3a4b000 	C:\WINDOWS\SYSTEM32\kernel.appcore.dll
0x00007ff9af6b0000 - 0x00007ff9af6ba000 	C:\Program Files\JetBrains\IntelliJ IDEA 2024.2.3\jbr\bin\jimage.dll
0x00007ff9b20d0000 - 0x00007ff9b2312000 	C:\WINDOWS\SYSTEM32\DBGHELP.DLL
0x00007ff9b70f0000 - 0x00007ff9b71c6000 	C:\WINDOWS\System32\OLEAUT32.dll
0x00007ff997520000 - 0x00007ff99755c000 	C:\WINDOWS\SYSTEM32\dbgcore.DLL
0x00007ff9b54e0000 - 0x00007ff9b5585000 	C:\WINDOWS\System32\bcryptPrimitives.dll
0x00007ff9acb30000 - 0x00007ff9acb4f000 	C:\Program Files\JetBrains\IntelliJ IDEA 2024.2.3\jbr\bin\java.dll
0x00007ff9aca60000 - 0x00007ff9aca78000 	C:\Program Files\JetBrains\IntelliJ IDEA 2024.2.3\jbr\bin\zip.dll
0x00007ff9b2850000 - 0x00007ff9b30ae000 	C:\WINDOWS\SYSTEM32\windows.storage.dll
0x00007ff9b7260000 - 0x00007ff9b7355000 	C:\WINDOWS\System32\SHCORE.dll
0x00007ff9b4c10000 - 0x00007ff9b4c39000 	C:\WINDOWS\SYSTEM32\profapi.dll
0x00007ff9af630000 - 0x00007ff9af640000 	C:\Program Files\JetBrains\IntelliJ IDEA 2024.2.3\jbr\bin\net.dll
0x00007ff9a61d0000 - 0x00007ff9a62f8000 	C:\WINDOWS\SYSTEM32\WINHTTP.dll
0x00007ff9b3fa0000 - 0x00007ff9b400b000 	C:\WINDOWS\system32\mswsock.dll
0x00007ff9a61b0000 - 0x00007ff9a61c6000 	C:\Program Files\JetBrains\IntelliJ IDEA 2024.2.3\jbr\bin\nio.dll
0x00007ff9b34b0000 - 0x00007ff9b34e4000 	C:\WINDOWS\SYSTEM32\IPHLPAPI.DLL
0x00007ff9b7250000 - 0x00007ff9b725a000 	C:\WINDOWS\System32\NSI.dll
0x00007ff9b4260000 - 0x00007ff9b427b000 	C:\WINDOWS\SYSTEM32\CRYPTSP.dll
0x00007ff9b3990000 - 0x00007ff9b39ca000 	C:\WINDOWS\system32\rsaenh.dll
0x00007ff9b4050000 - 0x00007ff9b407b000 	C:\WINDOWS\SYSTEM32\USERENV.dll
0x00007ff9b4be0000 - 0x00007ff9b4c0a000 	C:\WINDOWS\SYSTEM32\bcrypt.dll
0x00007ff9b4280000 - 0x00007ff9b428c000 	C:\WINDOWS\SYSTEM32\CRYPTBASE.dll
0x00007ff9a30e0000 - 0x00007ff9a30e9000 	C:\Program Files\JetBrains\IntelliJ IDEA 2024.2.3\jbr\bin\extnet.dll
0x00007ff9af710000 - 0x00007ff9af717000 	C:\Program Files\JetBrains\IntelliJ IDEA 2024.2.3\jbr\bin\rmi.dll
0x00007ff9b34f0000 - 0x00007ff9b361c000 	C:\WINDOWS\SYSTEM32\DNSAPI.dll
0x00007ff9aeae0000 - 0x00007ff9aeaeb000 	C:\Windows\System32\rasadhlp.dll
0x00007ff9ae130000 - 0x00007ff9ae1b6000 	C:\WINDOWS\System32\fwpuclnt.dll
0x00007ff9a2820000 - 0x00007ff9a2829000 	C:\Program Files\JetBrains\IntelliJ IDEA 2024.2.3\jbr\bin\management.dll
0x00007ff9a2810000 - 0x00007ff9a281b000 	C:\Program Files\JetBrains\IntelliJ IDEA 2024.2.3\jbr\bin\management_ext.dll
0x00007ff9b7630000 - 0x00007ff9b7638000 	C:\WINDOWS\System32\PSAPI.DLL
0x00007ff9a3350000 - 0x00007ff9a335e000 	C:\Program Files\JetBrains\IntelliJ IDEA 2024.2.3\jbr\bin\sunmscapi.dll
0x00007ff9b4cf0000 - 0x00007ff9b4e67000 	C:\WINDOWS\System32\CRYPT32.dll
0x00007ff9b4480000 - 0x00007ff9b44b0000 	C:\WINDOWS\SYSTEM32\ncrypt.dll
0x00007ff9b4430000 - 0x00007ff9b446f000 	C:\WINDOWS\SYSTEM32\NTASN1.dll

dbghelp: loaded successfully - version: 4.0.5 - missing functions: none
symbol engine: initialized successfully - sym options: 0x614 - pdb path: .;C:\Program Files\JetBrains\IntelliJ IDEA 2024.2.3\jbr\bin;C:\WINDOWS\SYSTEM32;C:\WINDOWS\WinSxS\amd64_microsoft.windows.common-controls_6595b64144ccf1df_6.0.26100.7309_none_3e05feeae336a044;C:\Program Files (x86)\360\Total Security\safemon;C:\Program Files\JetBrains\IntelliJ IDEA 2024.2.3\jbr\bin\server

VM Arguments:
jvm_args: -Djava.rmi.server.hostname=127.0.0.1 -Duser.timezone=UTC -Xmx2048m -Xms128m -Djdbc.classpath=C:\Users\User\AppData\Local\Temp\RemoteDriver9.classpath.txt --add-exports=java.desktop/sun.awt=ALL-UNNAMED --add-exports=java.desktop/java.awt.peer=ALL-UNNAMED --add-opens=java.desktop/java.awt=ALL-UNNAMED --add-opens=jdk.unsupported/sun.misc=ALL-UNNAMED --add-opens=java.base/java.nio=ALL-UNNAMED --add-opens=java.base/java.util=ALL-UNNAMED -Dfile.encoding=UTF-8 -Dsun.stdout.encoding=UTF-8 -Dsun.stderr.encoding=UTF-8 
java_command: com.intellij.database.remote.RemoteJdbcServer org.postgresql.Driver
java_class_path (initial): C:\Program Files\JetBrains\IntelliJ IDEA 2024.2.3\lib\util_rt.jar;C:\Program Files\JetBrains\IntelliJ IDEA 2024.2.3\lib\util-8.jar;C:\Program Files\JetBrains\IntelliJ IDEA 2024.2.3\lib\groovy.jar;C:\Program Files\JetBrains\IntelliJ IDEA 2024.2.3\plugins\DatabaseTools\lib\jdbc-console.jar;C:\Program Files\JetBrains\IntelliJ IDEA 2024.2.3\plugins\grid-core-impl\lib\jdbc-console-types.jar;C:\Program Files\JetBrains\IntelliJ IDEA 2024.2.3\lib\util.jar;C:\Program Files\JetBrains\IntelliJ IDEA 2024.2.3\lib\bouncy-castle.jar
Launcher Type: SUN_STANDARD

[Global flags]
     intx CICompilerCount                          = 4                                         {product} {ergonomic}
     uint ConcGCThreads                            = 3                                         {product} {ergonomic}
     uint G1ConcRefinementThreads                  = 10                                        {product} {ergonomic}
   size_t G1HeapRegionSize                         = 1048576                                   {product} {ergonomic}
    uintx GCDrainStackTargetSize                   = 64                                        {product} {ergonomic}
   size_t InitialHeapSize                          = 134217728                                 {product} {command line}
   size_t MarkStackSize                            = 4194304                                   {product} {ergonomic}
   size_t MaxHeapSize                              = 2147483648                                {product} {command line}
   size_t MaxNewSize                               = 1287651328                                {product} {ergonomic}
   size_t MinHeapDeltaBytes                        = 1048576                                   {product} {ergonomic}
   size_t MinHeapSize                              = 134217728                                 {product} {command line}
    uintx NonNMethodCodeHeapSize                   = 5839372                                {pd product} {ergonomic}
    uintx NonProfiledCodeHeapSize                  = 122909434                              {pd product} {ergonomic}
    uintx ProfiledCodeHeapSize                     = 122909434                              {pd product} {ergonomic}
    uintx ReservedCodeCacheSize                    = 251658240                              {pd product} {ergonomic}
     bool SegmentedCodeCache                       = true                                      {product} {ergonomic}
   size_t SoftMaxHeapSize                          = 2147483648                             {manageable} {ergonomic}
     bool UseCompressedOops                        = true                           {product lp64_product} {ergonomic}
     bool UseG1GC                                  = true                                      {product} {ergonomic}
     bool UseLargePagesIndividualAllocation        = false                                  {pd product} {ergonomic}

Logging:
Log output configuration:
 #0: stdout all=warning uptime,level,tags foldmultilines=false
 #1: stderr all=off uptime,level,tags foldmultilines=false

Environment Variables:
JAVA_HOME=C:\Program Files\Eclipse Adoptium\jre-8.0.452.9-hotspot\
PATH=C:\Program Files\Common Files\Oracle\Java\javapath;C:\Program Files\Eclipse Adoptium\jre-8.0.452.9-hotspot\bin;C:\Python313\Scripts\;C:\Python313\;C:\WINDOWS\system32;C:\WINDOWS;C:\WINDOWS\System32\Wbem;C:\WINDOWS\System32\WindowsPowerShell\v1.0\;C:\WINDOWS\System32\OpenSSH\;C:\ProgramData\chocolatey\bin;C:\Program Files\Git\cmd;C:\Program Files\nodejs\;C:\Program Files\Docker\Docker\resources\bin;C:\Users\User\AppData\Local\Microsoft\WindowsApps;C:\Program Files\PostgreSQL\17\bin;C:\Program Files\Eclipse Adoptium\jre-8.0.452.9-hotspot\bin;C:\Program Files\JetBrains\IntelliJ IDEA 2024.2.3\bin;;C:\Users\User\Downloads\ffmpeg-7.1.1-essentials_build\ffmpeg-7.1.1-essentials_build\bin;C:\Users\User\AppData\Roaming\Python\Python313\Scripts;C:\Users\User\AppData\Roaming\npm;C:\Users\User\AppData\Local\Programs\Microsoft VS Code\bin;
USERNAME=User
OS=Windows_NT
PROCESSOR_IDENTIFIER=Intel64 Family 6 Model 154 Stepping 4, GenuineIntel
TMP=C:\Users\User\AppData\Local\Temp
TEMP=C:\Users\User\AppData\Local\Temp




Periodic native trim disabled

JNI global refs:
JNI global refs: 17, weak refs: 0

JNI global refs memory usage: 835, weak refs: 201

Process memory usage:
Resident Set Size: 36936K (0% of 8106488K total physical memory with 645508K free physical memory)

OOME stack traces (most recent first):
Classloader memory used:
Loader bootstrap                                                                       : 18306K
Loader jdk.internal.loader.ClassLoaders$AppClassLoader                                 : 3367K
Loader com.intellij.database.remote.jdbc.impl.JdbcClassLoader$JdbcClassLoaderImpl      : 1713K
Loader jdk.internal.loader.ClassLoaders$PlatformClassLoader                            : 457K
Loader jdk.internal.reflect.DelegatingClassLoader                                      : 140K
Loader com.intellij.database.remote.jdbc.impl.JdbcClassLoader$1                        : 7400B

---------------  S Y S T E M  ---------------

OS:
 Windows 11 , 64 bit Build 26100 (10.0.26100.7623)
OS uptime: 2 days 0:05 hours
Hyper-V role detected

CPU: total 12 (initial active 12) (6 cores per cpu, 2 threads per core) family 6 model 154 stepping 4 microcode 0x437, cx8, cmov, fxsr, ht, mmx, 3dnowpref, sse, sse2, sse3, ssse3, sse4.1, sse4.2, popcnt, lzcnt, tsc, tscinvbit, avx, avx2, aes, erms, clmul, bmi1, bmi2, adx, sha, fma, vzeroupper, clflush, clflushopt, clwb, hv, serialize, rdtscp, rdpid, fsrm, f16c, cet_ibt, cet_ss
Processor Information for processor 0
  Max Mhz: 1300, Current Mhz: 1300, Mhz Limit: 1300
Processor Information for processor 1
  Max Mhz: 1300, Current Mhz: 1300, Mhz Limit: 1300
Processor Information for processor 2
  Max Mhz: 1300, Current Mhz: 1300, Mhz Limit: 1300
Processor Information for processor 3
  Max Mhz: 1300, Current Mhz: 1300, Mhz Limit: 1300
Processor Information for processor 4
  Max Mhz: 900, Current Mhz: 900, Mhz Limit: 900
Processor Information for processor 5
  Max Mhz: 900, Current Mhz: 900, Mhz Limit: 900
Processor Information for processor 6
  Max Mhz: 900, Current Mhz: 900, Mhz Limit: 900
Processor Information for processor 7
  Max Mhz: 900, Current Mhz: 900, Mhz Limit: 900
Processor Information for processor 8
  Max Mhz: 900, Current Mhz: 900, Mhz Limit: 900
Processor Information for processor 9
  Max Mhz: 900, Current Mhz: 900, Mhz Limit: 900
Processor Information for processor 10
  Max Mhz: 900, Current Mhz: 900, Mhz Limit: 900
Processor Information for processor 11
  Max Mhz: 900, Current Mhz: 900, Mhz Limit: 900

Memory: 4k page, system-wide physical 7916M (625M free)
TotalPageFile size 15132M (AvailPageFile size 0M)
current process WorkingSet (physical memory assigned to process): 38M, peak: 137M
current process commit charge ("private bytes"): 239M, peak: 264M

vm_info: OpenJDK 64-Bit Server VM (21.0.5+13-b509.30) for windows-amd64 JRE (21.0.5+13-b509.30), built on 2024-11-23 by "builduser" with MS VC++ 16.10 / 16.11 (VS2019)

END.
